Traceback (most recent call last):
  File "/home/html_highway/manage.py", line 17, in <module>
    "Couldn't import Django. Are you sure it's installed and "
ImportError: Couldn't import Django. Are you sure it's installed and available on your PYTHONPATH environment variable? Did you forget to activate a virtual environment?
Traceback (most recent call last):
  File "/home/html_highway/manage.py", line 17, in <module>
    "Couldn't import Django. Are you sure it's installed and "
ImportError: Couldn't import Django. Are you sure it's installed and available on your PYTHONPATH environment variable? Did you forget to activate a virtual environment?
Traceback (most recent call last):
  File "manage.py", line 17, in <module>
    "Couldn't import Django. Are you sure it's installed and "
ImportError: Couldn't import Django. Are you sure it's installed and available on your PYTHONPATH environment variable? Did you forget to activate a virtual environment?
[17/Jan/2019 02:50:23] "GET / HTTP/1.1" 200 10260
[17/Jan/2019 02:50:23] "GET /static/css/jquery.fullPage.css HTTP/1.1" 200 3718
[17/Jan/2019 02:50:23] "GET /static/js/jquery.fullPage.min.js HTTP/1.1" 200 21973
[17/Jan/2019 02:50:23] "GET /static/assets/css/bootstrap.min.css HTTP/1.1" 200 117305
[17/Jan/2019 02:50:23] "GET /static/js/jquery-1.8.3.min.js HTTP/1.1" 200 93639
Not Found: /favicon.ico
[17/Jan/2019 02:50:24] "GET /favicon.ico HTTP/1.1" 404 8054
[17/Jan/2019 02:50:35] "GET /chargebytype/%E8%B4%B5%E5%B7%9E HTTP/1.1" 301 0
[17/Jan/2019 02:50:35] "GET /chargebytype/%E8%B4%B5%E5%B7%9E/ HTTP/1.1" 200 28065
[17/Jan/2019 02:50:35] "GET /static/china.js HTTP/1.1" 200 61827
[17/Jan/2019 02:50:35] "GET /static/echarts.min.js HTTP/1.1" 200 614225
[17/Jan/2019 02:50:47] "GET /cardtransoverpro/%E6%B2%B3%E5%8C%97 HTTP/1.1" 301 0
[17/Jan/2019 02:50:47] "GET /cardtransoverpro/%E6%B2%B3%E5%8C%97/ HTTP/1.1" 200 58267
[17/Jan/2019 02:50:47] "GET /static/province/beijing.js HTTP/1.1" 200 22234
[17/Jan/2019 02:50:47] "GET /static/province/anhui.js HTTP/1.1" 200 31732
[17/Jan/2019 02:50:47] "GET /static/province/chongqing.js HTTP/1.1" 200 48337
[17/Jan/2019 02:50:47] "GET /static/province/fujian.js HTTP/1.1" 200 43804
[17/Jan/2019 02:50:47] "GET /static/province/gansu.js HTTP/1.1" 200 48020
[17/Jan/2019 02:50:47] "GET /static/province/guangdong.js HTTP/1.1" 200 72686
[17/Jan/2019 02:50:47] "GET /static/province/guangxi.js HTTP/1.1" 200 47601
[17/Jan/2019 02:50:47] "GET /static/echarts.js HTTP/1.1" 200 2349728
[17/Jan/2019 02:50:47] "GET /static/province/guizhou.js HTTP/1.1" 200 32925
[17/Jan/2019 02:50:47] "GET /static/province/hainan.js HTTP/1.1" 200 29835
[17/Jan/2019 02:50:47] "GET /static/province/hebei.js HTTP/1.1" 200 40227
[17/Jan/2019 02:50:47] "GET /static/province/heilongjiang.js HTTP/1.1" 200 79264
[17/Jan/2019 02:50:47] "GET /static/province/henan.js HTTP/1.1" 200 36726
[17/Jan/2019 02:50:47] "GET /static/province/hubei.js HTTP/1.1" 200 39349
[17/Jan/2019 02:50:47] "GET /static/province/jiangsu.js HTTP/1.1" 200 23945
[17/Jan/2019 02:50:47] "GET /static/province/hunan.js HTTP/1.1" 200 46236
[17/Jan/2019 02:50:47] "GET /static/province/jiangxi.js HTTP/1.1" 200 32879
[17/Jan/2019 02:50:47] "GET /static/province/jilin.js HTTP/1.1" 200 42082
[17/Jan/2019 02:50:47] "GET /static/province/liaoning.js HTTP/1.1" 200 50560
[17/Jan/2019 02:50:47] "GET /static/province/neimenggu.js HTTP/1.1" 200 58138
[17/Jan/2019 02:50:47] "GET /static/province/ningxia.js HTTP/1.1" 200 13059
[17/Jan/2019 02:50:47] "GET /static/province/qinghai.js HTTP/1.1" 200 44556
[17/Jan/2019 02:50:47] "GET /static/province/shanghai.js HTTP/1.1" 200 12845
[17/Jan/2019 02:50:47] "GET /static/province/shanxi.js HTTP/1.1" 200 23401
[17/Jan/2019 02:50:47] "GET /static/province/shandong.js HTTP/1.1" 200 51125
[17/Jan/2019 02:50:47] "GET /static/province/shanxi1.js HTTP/1.1" 200 31903
[17/Jan/2019 02:50:47] "GET /static/province/tianjin.js HTTP/1.1" 200 11556
[17/Jan/2019 02:50:47] "GET /static/province/xizang.js HTTP/1.1" 200 45886
[17/Jan/2019 02:50:47] "GET /static/province/sichuan.js HTTP/1.1" 200 84768
[17/Jan/2019 02:50:47] "GET /static/province/xinjiang.js HTTP/1.1" 200 87049
[17/Jan/2019 02:50:47] "GET /static/province/yunnan.js HTTP/1.1" 200 63191
[17/Jan/2019 02:50:47] "GET /static/province/zhejiang.js HTTP/1.1" 200 51673
[18/Jan/2019 09:28:15] "GET / HTTP/1.1" 200 10260
[18/Jan/2019 09:28:16] "GET /static/css/jquery.fullPage.css HTTP/1.1" 200 3718
[18/Jan/2019 09:28:17] "GET /static/assets/css/bootstrap.min.css HTTP/1.1" 200 117305
[18/Jan/2019 09:28:17] "GET /static/js/jquery.fullPage.min.js HTTP/1.1" 200 21973
[18/Jan/2019 09:28:17] "GET /static/js/jquery-1.8.3.min.js HTTP/1.1" 200 93639
Not Found: /favicon.ico
[18/Jan/2019 09:28:17] "GET /favicon.ico HTTP/1.1" 404 8054
[18/Jan/2019 09:28:19] "GET /markstation HTTP/1.1" 200 283
[18/Jan/2019 09:28:21] "GET /chargebytype/%E8%B4%B5%E5%B7%9E HTTP/1.1" 301 0
[18/Jan/2019 09:28:21] "GET /chargebytype/%E8%B4%B5%E5%B7%9E/ HTTP/1.1" 200 28065
[18/Jan/2019 09:28:21] "GET /static/china.js HTTP/1.1" 200 61827
[18/Jan/2019 09:28:21] "GET /static/echarts.min.js HTTP/1.1" 200 614225
[18/Jan/2019 09:28:22] "GET /datavolum HTTP/1.1" 301 0
[18/Jan/2019 09:28:22] "GET /datavolum/ HTTP/1.1" 200 11769
[18/Jan/2019 09:28:29] "GET /cartypedaytranscount/%E5%8C%97%E4%BA%AC HTTP/1.1" 301 0
[18/Jan/2019 09:28:29] "GET /cartypedaytranscount/%E5%8C%97%E4%BA%AC/ HTTP/1.1" 200 14140
[18/Jan/2019 09:28:33] "GET / HTTP/1.1" 200 10260
[18/Jan/2019 09:28:33] "GET /static/css/jquery.fullPage.css HTTP/1.1" 200 3718
[18/Jan/2019 09:28:33] "GET /static/js/jquery-1.8.3.min.js HTTP/1.1" 200 93639
[18/Jan/2019 09:28:33] "GET /static/js/jquery.fullPage.min.js HTTP/1.1" 200 21973
[18/Jan/2019 09:28:33] "GET /static/assets/css/bootstrap.min.css HTTP/1.1" 200 117305
Not Found: /favicon.ico
[18/Jan/2019 09:28:34] "GET /favicon.ico HTTP/1.1" 404 8054
[18/Jan/2019 09:28:34] "GET /carddaycount/%E5%8C%97%E4%BA%AC HTTP/1.1" 301 0
[18/Jan/2019 09:28:34] "GET /carddaycount/%E5%8C%97%E4%BA%AC/ HTTP/1.1" 200 12655
[18/Jan/2019 09:28:36] "GET /carddaycount/%E8%BE%BD%E5%AE%81 HTTP/1.1" 301 0
[18/Jan/2019 09:28:36] "GET /carddaycount/%E8%BE%BD%E5%AE%81/ HTTP/1.1" 200 12721
[18/Jan/2019 09:28:44] "GET /YouRuWuChulist HTTP/1.1" 301 0
[18/Jan/2019 09:28:44] "GET /YouRuWuChulist/ HTTP/1.1" 200 123539
Not Found: /favicon.ico
[18/Jan/2019 11:19:16] "GET /favicon.ico HTTP/1.1" 404 8054
[19/Jan/2019 07:58:05] "GET / HTTP/1.1" 200 10260
[19/Jan/2019 07:58:05] "GET /static/css/jquery.fullPage.css HTTP/1.1" 200 3718
[21/Jan/2019 07:07:36] "GET / HTTP/1.1" 200 10260
[21/Jan/2019 07:07:36] "GET /static/css/jquery.fullPage.css HTTP/1.1" 200 3718
[23/Jan/2019 11:05:25] "GET / HTTP/1.1" 200 10260
[23/Jan/2019 11:05:25] "GET /static/css/jquery.fullPage.css HTTP/1.1" 200 3718
[23/Jan/2019 11:05:25] "GET /static/js/jquery.fullPage.min.js HTTP/1.1" 200 21973
[23/Jan/2019 11:05:25] "GET /static/js/jquery-1.8.3.min.js HTTP/1.1" 200 93639
[23/Jan/2019 11:05:25] "GET /static/assets/css/bootstrap.min.css HTTP/1.1" 200 117305
Not Found: /favicon.ico
[23/Jan/2019 11:05:25] "GET /favicon.ico HTTP/1.1" 404 8054
[23/Jan/2019 11:05:30] "GET /overload/%E8%B4%B5%E5%B7%9E/mloss HTTP/1.1" 301 0
[23/Jan/2019 11:05:30] "GET /overload/%E8%B4%B5%E5%B7%9E/mloss/ HTTP/1.1" 200 22762
[23/Jan/2019 11:05:30] "GET /static/china.js HTTP/1.1" 200 61827
[23/Jan/2019 11:05:30] "GET /static/echarts.min.js HTTP/1.1" 200 614225
[23/Jan/2019 11:05:34] "GET /chargebytype/%E8%B4%B5%E5%B7%9E HTTP/1.1" 301 0
[23/Jan/2019 11:05:34] "GET /chargebytype/%E8%B4%B5%E5%B7%9E/ HTTP/1.1" 200 28065
[23/Jan/2019 11:05:36] "GET /axischarge/%E8%B4%B5%E5%B7%9E HTTP/1.1" 301 0
[23/Jan/2019 11:05:36] "GET /axischarge/%E8%B4%B5%E5%B7%9E/ HTTP/1.1" 200 15679
[23/Jan/2019 11:35:28] "GET / HTTP/1.1" 200 10260
[23/Jan/2019 11:35:28] "GET /static/css/jquery.fullPage.css HTTP/1.1" 200 3718
[23/Jan/2019 11:35:28] "GET /static/assets/css/bootstrap.min.css HTTP/1.1" 200 117305
[23/Jan/2019 11:36:09] "GET / HTTP/1.1" 200 10260
[23/Jan/2019 11:36:09] "GET /static/css/jquery.fullPage.css HTTP/1.1" 304 0
[23/Jan/2019 11:36:09] "GET /static/assets/css/bootstrap.min.css HTTP/1.1" 304 0
[23/Jan/2019 11:36:09] "GET /static/js/jquery-1.8.3.min.js HTTP/1.1" 304 0
[23/Jan/2019 11:36:09] "GET /static/js/jquery.fullPage.min.js HTTP/1.1" 304 0
Not Found: /favicon.ico
[23/Jan/2019 11:36:09] "GET /favicon.ico HTTP/1.1" 404 8054
[23/Jan/2019 12:13:56] "GET /freetranscount HTTP/1.1" 301 0
[23/Jan/2019 12:13:56] "GET /freetranscount/ HTTP/1.1" 200 3650
[23/Jan/2019 12:13:56] "GET /static/echarts.min.js HTTP/1.1" 200 614225
[23/Jan/2019 12:17:02] "GET /etcmtcdaytranscount/%E5%8C%97%E4%BA%AC HTTP/1.1" 301 0
[23/Jan/2019 12:17:03] "GET /etcmtcdaytranscount/%E5%8C%97%E4%BA%AC/ HTTP/1.1" 200 14984
[23/Jan/2019 12:17:03] "GET /static/china.js HTTP/1.1" 304 0
[23/Jan/2019 12:18:29] "GET /vehicletypedaytranscount/%E5%8C%97%E4%BA%AC HTTP/1.1" 200 23607
[23/Jan/2019 12:18:32] "GET /vehicletransfeepie/%E5%8C%97%E4%BA%AC/%E5%8C%97%E4%BA%AC/%E5%8C%97%E4%BA%AC/2018-03-15/2018-03-15 HTTP/1.1" 301 0
/usr/local/python3/lib/python3.6/site-packages/django/db/models/fields/__init__.py:1451: RuntimeWarning: DateTimeField Fee.date received a naive datetime (2018-03-15 00:00:00) while time zone support is active.
  RuntimeWarning)
[23/Jan/2019 12:18:32] "GET /vehicletransfeepie/%E5%8C%97%E4%BA%AC/%E5%8C%97%E4%BA%AC/%E5%8C%97%E4%BA%AC/2018-03-15/2018-03-15/ HTTP/1.1" 200 13606
[23/Jan/2019 12:18:32] "GET /static/echarts.js HTTP/1.1" 304 0
[23/Jan/2019 12:19:21] "GET /cartypedayfee/%E5%8C%97%E4%BA%AC HTTP/1.1" 301 0
[23/Jan/2019 12:19:21] "GET /cartypedayfee/%E5%8C%97%E4%BA%AC/ HTTP/1.1" 200 17201
[23/Jan/2019 12:19:25] "GET /truckheavycount/%E5%8C%97%E4%BA%AC/%E5%85%A5%E5%8F%A3/2018-03-15/2018-03-15 HTTP/1.1" 301 0
/usr/local/python3/lib/python3.6/site-packages/django/db/models/fields/__init__.py:1451: RuntimeWarning: DateTimeField Area.date received a naive datetime (2018-03-15 00:00:00) while time zone support is active.
  RuntimeWarning)
[23/Jan/2019 12:19:41] "GET /trafficvolume/%E5%8C%97%E4%BA%AC/%E5%85%A5%E5%8F%A3/2018-03-15/2018-03-15 HTTP/1.1" 301 0
[23/Jan/2019 12:19:52] "GET /cartypedayfee/%E6%B2%B3%E5%8D%97 HTTP/1.1" 301 0
[23/Jan/2019 12:19:52] "GET /cartypedayfee/%E6%B2%B3%E5%8D%97/ HTTP/1.1" 200 17540
[23/Jan/2019 12:19:57] "GET /truck_transaction/%E5%8C%97%E4%BA%AC HTTP/1.1" 301 0
[23/Jan/2019 12:19:57] "GET /truck_transaction/%E5%8C%97%E4%BA%AC/ HTTP/1.1" 200 28593
[23/Jan/2019 12:19:57] "GET /static/province/chongqing.js HTTP/1.1" 304 0
[23/Jan/2019 12:19:57] "GET /static/province/beijing.js HTTP/1.1" 304 0
[23/Jan/2019 12:19:57] "GET /static/province/fujian.js HTTP/1.1" 304 0
[23/Jan/2019 12:19:57] "GET /static/province/anhui.js HTTP/1.1" 304 0
[23/Jan/2019 12:19:57] "GET /static/province/gansu.js HTTP/1.1" 304 0
[23/Jan/2019 12:19:57] "GET /static/province/guizhou.js HTTP/1.1" 304 0
[23/Jan/2019 12:19:57] "GET /static/province/guangxi.js HTTP/1.1" 304 0
[23/Jan/2019 12:19:57] "GET /static/province/hainan.js HTTP/1.1" 304 0
[23/Jan/2019 12:19:57] "GET /static/province/guangdong.js HTTP/1.1" 304 0
[23/Jan/2019 12:19:57] "GET /static/province/hebei.js HTTP/1.1" 304 0
[23/Jan/2019 12:19:57] "GET /static/province/hubei.js HTTP/1.1" 304 0
[23/Jan/2019 12:19:57] "GET /static/province/heilongjiang.js HTTP/1.1" 304 0
[23/Jan/2019 12:19:57] "GET /static/province/hunan.js HTTP/1.1" 304 0
[23/Jan/2019 12:19:57] "GET /static/province/henan.js HTTP/1.1" 304 0
[23/Jan/2019 12:19:57] "GET /static/province/jiangsu.js HTTP/1.1" 304 0
[23/Jan/2019 12:19:57] "GET /static/province/jiangxi.js HTTP/1.1" 304 0
[23/Jan/2019 12:19:57] "GET /static/province/jilin.js HTTP/1.1" 304 0
[23/Jan/2019 12:19:57] "GET /static/province/ningxia.js HTTP/1.1" 304 0
[23/Jan/2019 12:19:57] "GET /static/province/neimenggu.js HTTP/1.1" 304 0
[23/Jan/2019 12:19:57] "GET /static/province/shandong.js HTTP/1.1" 304 0
[23/Jan/2019 12:19:57] "GET /static/province/liaoning.js HTTP/1.1" 304 0
[23/Jan/2019 12:19:57] "GET /static/province/qinghai.js HTTP/1.1" 304 0
[23/Jan/2019 12:19:57] "GET /static/province/shanxi.js HTTP/1.1" 304 0
[23/Jan/2019 12:19:57] "GET /static/province/sichuan.js HTTP/1.1" 304 0
[23/Jan/2019 12:19:57] "GET /static/province/shanxi1.js HTTP/1.1" 304 0
[23/Jan/2019 12:19:57] "GET /static/province/tianjin.js HTTP/1.1" 304 0
[23/Jan/2019 12:19:57] "GET /static/province/shanghai.js HTTP/1.1" 304 0
[23/Jan/2019 12:19:57] "GET /static/province/xinjiang.js HTTP/1.1" 304 0
[23/Jan/2019 12:19:57] "GET /static/province/xizang.js HTTP/1.1" 304 0
[23/Jan/2019 12:19:57] "GET /static/province/yunnan.js HTTP/1.1" 304 0
[23/Jan/2019 12:19:57] "GET /static/province/zhejiang.js HTTP/1.1" 304 0
[23/Jan/2019 12:20:22] "GET /trafficvolume/%E5%8C%97%E4%BA%AC/%E5%85%A5%E5%8F%A3/2018-03-15/2018-03-15/ HTTP/1.1" 200 36658
[23/Jan/2019 12:20:22] "GET /truckheavycount/%E5%8C%97%E4%BA%AC/%E5%85%A5%E5%8F%A3/2018-03-15/2018-03-15/ HTTP/1.1" 200 36655
[23/Jan/2019 12:20:22] "GET /truckheavycount/%E5%8C%97%E4%BA%AC/%E5%85%A5%E5%8F%A3/2018-03-15/2018-03-15/ HTTP/1.1" 200 36655
[23/Jan/2019 12:20:22] "GET /truckheavycount/%E5%8C%97%E4%BA%AC/%E5%85%A5%E5%8F%A3/2018-03-15/2018-03-15/ HTTP/1.1" 200 36655
[23/Jan/2019 12:20:27] "GET /truckheavycount/%E6%B1%9F%E8%8B%8F/%E5%85%A5%E5%8F%A3/2018-03-15/2018-03-15 HTTP/1.1" 301 0
[23/Jan/2019 12:20:27] "GET /truckheavycount/%E6%B1%9F%E8%8B%8F/%E5%85%A5%E5%8F%A3/2018-03-15/2018-03-15/ HTTP/1.1" 200 65780
[23/Jan/2019 12:21:10] "GET /truck_transaction/%E5%8C%97%E4%BA%AC/ HTTP/1.1" 200 28593
[23/Jan/2019 12:21:14] "GET /truck_transaction/%E5%B1%B1%E4%B8%9C HTTP/1.1" 301 0
[23/Jan/2019 12:21:14] "GET /truck_transaction/%E5%B1%B1%E4%B8%9C/ HTTP/1.1" 200 37223
[23/Jan/2019 12:21:18] "GET /truck_transaction/%E6%B1%9F%E8%8B%8F HTTP/1.1" 301 0
[23/Jan/2019 12:21:18] "GET /truck_transaction/%E6%B1%9F%E8%8B%8F/ HTTP/1.1" 200 42954
[23/Jan/2019 12:22:42] "GET /carddaycount/%E5%8C%97%E4%BA%AC HTTP/1.1" 301 0
[23/Jan/2019 12:22:42] "GET /carddaycount/%E5%8C%97%E4%BA%AC/ HTTP/1.1" 200 12655
[23/Jan/2019 12:23:44] "GET /cardtrans/%E5%8C%97%E4%BA%AC HTTP/1.1" 301 0
[23/Jan/2019 12:23:47] "GET /cardtrans/%E5%8C%97%E4%BA%AC/ HTTP/1.1" 200 1016239
[23/Jan/2019 12:24:38] "GET /cardtransoverpro/%E6%B2%B3%E5%8C%97 HTTP/1.1" 301 0
[23/Jan/2019 12:24:38] "GET /cardtransoverpro/%E6%B2%B3%E5%8C%97/ HTTP/1.1" 200 58267
[23/Jan/2019 12:25:06] "GET /cardcycle/%E6%B5%99%E6%B1%9F/%E6%B1%9F%E8%8B%8F/%E5%B1%B1%E4%B8%9C/0 HTTP/1.1" 301 0
[23/Jan/2019 12:25:06] "GET /cardcycle/%E6%B5%99%E6%B1%9F/%E6%B1%9F%E8%8B%8F/%E5%B1%B1%E4%B8%9C/0/ HTTP/1.1" 200 21336
[23/Jan/2019 12:26:20] "GET /cardindex/%E6%B5%99%E6%B1%9F/%E6%B1%9F%E8%8B%8F/%E5%B1%B1%E4%B8%9C HTTP/1.1" 301 0
[23/Jan/2019 12:26:21] "GET /cardindex/%E6%B5%99%E6%B1%9F/%E6%B1%9F%E8%8B%8F/%E5%B1%B1%E4%B8%9C/ HTTP/1.1" 200 12680
[23/Jan/2019 12:33:44] "GET /idealtrans/%E6%B5%99%E6%B1%9F HTTP/1.1" 301 0
[23/Jan/2019 12:33:45] "GET /idealtrans/%E6%B5%99%E6%B1%9F/ HTTP/1.1" 200 1935864
[23/Jan/2019 12:57:36] "GET /carddaycount/%E5%8C%97%E4%BA%AC/ HTTP/1.1" 200 12655
[23/Jan/2019 12:58:25] "GET /cardtrans/%E5%8C%97%E4%BA%AC/ HTTP/1.1" 200 1016239
[23/Jan/2019 12:58:30] "GET /cardtrans/%E6%B1%9F%E8%8B%8F HTTP/1.1" 301 0
[23/Jan/2019 12:58:31] "GET /cardtrans/%E6%B1%9F%E8%8B%8F/ HTTP/1.1" 200 1896686
[23/Jan/2019 12:59:15] "GET /cardcycle/%E6%B5%99%E6%B1%9F/%E6%B1%9F%E8%8B%8F/%E5%B1%B1%E4%B8%9C/0/ HTTP/1.1" 200 21336
[23/Jan/2019 12:59:52] "GET /cardcycle/%E6%B5%99%E6%B1%9F/%E6%B1%9F%E8%8B%8F/%E5%B1%B1%E4%B8%9C/0/ HTTP/1.1" 200 21336
[23/Jan/2019 12:59:54] "GET /cardindex/%E6%B5%99%E6%B1%9F/%E6%B1%9F%E8%8B%8F/%E5%B1%B1%E4%B8%9C/ HTTP/1.1" 200 12680
[23/Jan/2019 13:00:37] "GET /idealtrans/%E6%B5%99%E6%B1%9F/ HTTP/1.1" 200 1935864
[23/Jan/2019 13:00:42] "GET /idealtrans/%E6%B1%9F%E8%8B%8F HTTP/1.1" 301 0
[23/Jan/2019 13:00:43] "GET /idealtrans/%E6%B1%9F%E8%8B%8F/ HTTP/1.1" 200 1922146
[23/Jan/2019 13:00:46] "GET /idealtrans/%E6%B5%99%E6%B1%9F/ HTTP/1.1" 200 1935864
[28/Jan/2019 10:15:36] "GET /cardtransoverpro/%E6%B2%B3%E5%8C%97 HTTP/1.1" 301 0
[28/Jan/2019 10:15:36] "GET /cardtransoverpro/%E6%B2%B3%E5%8C%97/ HTTP/1.1" 200 58267
[28/Jan/2019 10:15:37] "GET /static/china.js HTTP/1.1" 200 61827
[28/Jan/2019 10:15:37] "GET /static/province/fujian.js HTTP/1.1" 200 43804
[28/Jan/2019 10:15:37] "GET /static/province/anhui.js HTTP/1.1" 200 31732
[28/Jan/2019 10:15:37] "GET /static/province/chongqing.js HTTP/1.1" 200 48337
[28/Jan/2019 10:15:37] "GET /static/province/beijing.js HTTP/1.1" 200 22234
[28/Jan/2019 10:15:37] "GET /static/province/gansu.js HTTP/1.1" 200 48020
[28/Jan/2019 10:15:37] "GET /static/province/guizhou.js HTTP/1.1" 200 32925
[28/Jan/2019 10:15:37] "GET /static/province/guangxi.js HTTP/1.1" 200 47601
[28/Jan/2019 10:15:37] "GET /static/province/guangdong.js HTTP/1.1" 200 72686
[28/Jan/2019 10:15:37] "GET /static/province/hainan.js HTTP/1.1" 200 29835
[28/Jan/2019 10:15:37] "GET /static/province/heilongjiang.js HTTP/1.1" 200 79264
[28/Jan/2019 10:15:37] "GET /static/province/hebei.js HTTP/1.1" 200 40227
[28/Jan/2019 10:15:37] "GET /static/province/henan.js HTTP/1.1" 200 36726
[28/Jan/2019 10:15:37] "GET /static/province/hubei.js HTTP/1.1" 200 39349
[28/Jan/2019 10:15:37] "GET /static/province/hunan.js HTTP/1.1" 200 46236
[28/Jan/2019 10:15:37] "GET /static/province/jiangxi.js HTTP/1.1" 200 32879
[28/Jan/2019 10:15:37] "GET /static/province/jilin.js HTTP/1.1" 200 42082
[28/Jan/2019 10:15:37] "GET /static/province/liaoning.js HTTP/1.1" 200 50560
[28/Jan/2019 10:15:37] "GET /static/province/jiangsu.js HTTP/1.1" 200 23945
[28/Jan/2019 10:15:37] "GET /static/echarts.js HTTP/1.1" 200 2349728
[28/Jan/2019 10:15:37] "GET /static/province/neimenggu.js HTTP/1.1" 200 58138
[28/Jan/2019 10:15:37] "GET /static/province/ningxia.js HTTP/1.1" 200 13059
[28/Jan/2019 10:15:37] "GET /static/province/shandong.js HTTP/1.1" 200 51125
[28/Jan/2019 10:15:37] "GET /static/province/shanxi.js HTTP/1.1" 200 23401
[28/Jan/2019 10:15:37] "GET /static/province/qinghai.js HTTP/1.1" 200 44556
[28/Jan/2019 10:15:37] "GET /static/province/shanghai.js HTTP/1.1" 200 12845
[28/Jan/2019 10:15:37] "GET /static/province/shanxi1.js HTTP/1.1" 200 31903
[28/Jan/2019 10:15:37] "GET /static/province/sichuan.js HTTP/1.1" 200 84768
[28/Jan/2019 10:15:37] "GET /static/province/tianjin.js HTTP/1.1" 200 11556
[28/Jan/2019 10:15:37] "GET /static/province/xizang.js HTTP/1.1" 200 45886
[28/Jan/2019 10:15:37] "GET /static/province/zhejiang.js HTTP/1.1" 200 51673
[28/Jan/2019 10:15:37] "GET /static/province/xinjiang.js HTTP/1.1" 200 87049
[28/Jan/2019 10:15:37] "GET /static/province/yunnan.js HTTP/1.1" 200 63191
Not Found: /favicon.ico
[28/Jan/2019 10:15:39] "GET /favicon.ico HTTP/1.1" 404 8054
[28/Jan/2019 10:15:51] "GET /cardtransoverpro/%E9%99%95%E8%A5%BF HTTP/1.1" 301 0
[28/Jan/2019 10:15:51] "GET /cardtransoverpro/%E9%99%95%E8%A5%BF/ HTTP/1.1" 200 53777
[29/Jan/2019 00:29:43] "GET /cardtransoverpro/%E6%B2%B3%E5%8C%97 HTTP/1.1" 301 0
[29/Jan/2019 00:29:43] "GET /cardtransoverpro/%E6%B2%B3%E5%8C%97/ HTTP/1.1" 200 58267
[29/Jan/2019 00:29:43] "GET /static/province/anhui.js HTTP/1.1" 200 31732
[29/Jan/2019 00:29:43] "GET /static/china.js HTTP/1.1" 200 61827
[29/Jan/2019 00:29:43] "GET /static/province/beijing.js HTTP/1.1" 200 22234
[29/Jan/2019 00:29:43] "GET /static/province/chongqing.js HTTP/1.1" 200 48337
[29/Jan/2019 00:29:43] "GET /static/province/fujian.js HTTP/1.1" 200 43804
[29/Jan/2019 00:29:43] "GET /static/province/gansu.js HTTP/1.1" 200 48020
[29/Jan/2019 00:29:43] "GET /static/province/guangdong.js HTTP/1.1" 200 72686
[29/Jan/2019 00:29:43] "GET /static/province/guangxi.js HTTP/1.1" 200 47601
[29/Jan/2019 00:29:43] "GET /static/province/guizhou.js HTTP/1.1" 200 32925
[29/Jan/2019 00:29:43] "GET /static/province/hainan.js HTTP/1.1" 200 29835
[29/Jan/2019 00:29:43] "GET /static/province/hebei.js HTTP/1.1" 200 40227
[29/Jan/2019 00:29:43] "GET /static/province/heilongjiang.js HTTP/1.1" 200 79264
[29/Jan/2019 00:29:43] "GET /static/province/henan.js HTTP/1.1" 200 36726
[29/Jan/2019 00:29:43] "GET /static/province/hubei.js HTTP/1.1" 200 39349
[29/Jan/2019 00:29:43] "GET /static/province/hunan.js HTTP/1.1" 200 46236
[29/Jan/2019 00:29:43] "GET /static/province/jiangsu.js HTTP/1.1" 200 23945
[29/Jan/2019 00:29:43] "GET /static/province/jiangxi.js HTTP/1.1" 200 32879
[29/Jan/2019 00:29:43] "GET /static/province/jilin.js HTTP/1.1" 200 42082
[29/Jan/2019 00:29:43] "GET /static/province/liaoning.js HTTP/1.1" 200 50560
[29/Jan/2019 00:29:43] "GET /static/province/neimenggu.js HTTP/1.1" 200 58138
[29/Jan/2019 00:29:43] "GET /static/province/ningxia.js HTTP/1.1" 200 13059
[29/Jan/2019 00:29:43] "GET /static/province/qinghai.js HTTP/1.1" 200 44556
[29/Jan/2019 00:29:43] "GET /static/province/shandong.js HTTP/1.1" 200 51125
[29/Jan/2019 00:29:43] "GET /static/province/shanghai.js HTTP/1.1" 200 12845
[29/Jan/2019 00:29:43] "GET /static/province/shanxi.js HTTP/1.1" 200 23401
[29/Jan/2019 00:29:43] "GET /static/province/shanxi1.js HTTP/1.1" 200 31903
[29/Jan/2019 00:29:43] "GET /static/province/sichuan.js HTTP/1.1" 200 84768
[29/Jan/2019 00:29:43] "GET /static/province/tianjin.js HTTP/1.1" 200 11556
[29/Jan/2019 00:29:43] "GET /static/province/xinjiang.js HTTP/1.1" 200 87049
[29/Jan/2019 00:29:43] "GET /static/province/xizang.js HTTP/1.1" 200 45886
[29/Jan/2019 00:29:43] "GET /static/province/yunnan.js HTTP/1.1" 200 63191
[29/Jan/2019 00:29:43] "GET /static/province/zhejiang.js HTTP/1.1" 200 51673
[29/Jan/2019 00:29:44] "GET /static/echarts.js HTTP/1.1" 200 2349728
Not Found: /favicon.ico
[29/Jan/2019 00:29:46] "GET /favicon.ico HTTP/1.1" 404 8054
[21/Feb/2019 08:31:00] "GET / HTTP/1.1" 200 10260
[21/Feb/2019 08:31:02] "GET /static/css/jquery.fullPage.css HTTP/1.1" 304 0
[21/Feb/2019 08:31:02] "GET /static/js/jquery-1.8.3.min.js HTTP/1.1" 304 0
[21/Feb/2019 08:31:02] "GET /static/js/jquery.fullPage.min.js HTTP/1.1" 304 0
[21/Feb/2019 08:31:02] "GET /static/assets/css/bootstrap.min.css HTTP/1.1" 304 0
Not Found: /favicon.ico
[21/Feb/2019 08:31:03] "GET /favicon.ico HTTP/1.1" 404 8054
[21/Feb/2019 08:31:57] "GET / HTTP/1.1" 200 10260
[21/Feb/2019 08:31:57] "GET /static/css/jquery.fullPage.css HTTP/1.1" 200 3718
[21/Feb/2019 08:31:57] "GET /static/js/jquery.fullPage.min.js HTTP/1.1" 200 21973
[21/Feb/2019 08:31:57] "GET /static/assets/css/bootstrap.min.css HTTP/1.1" 200 117305
[21/Feb/2019 08:31:57] "GET /static/js/jquery-1.8.3.min.js HTTP/1.1" 200 93639
Not Found: /favicon.ico
[21/Feb/2019 08:31:57] "GET /favicon.ico HTTP/1.1" 404 8054
[21/Feb/2019 08:32:18] "GET /markstation HTTP/1.1" 200 283
[21/Feb/2019 08:32:24] "GET /chargebytype/%E8%B4%B5%E5%B7%9E HTTP/1.1" 301 0
[21/Feb/2019 08:32:24] "GET /chargebytype/%E8%B4%B5%E5%B7%9E/ HTTP/1.1" 200 28065
[21/Feb/2019 08:32:24] "GET /static/china.js HTTP/1.1" 200 61827
[21/Feb/2019 08:32:24] "GET /static/echarts.min.js HTTP/1.1" 200 614225
[21/Feb/2019 08:46:50] "GET /truckheavycount/%E5%8C%97%E4%BA%AC/%E5%85%A5%E5%8F%A3/2018-03-15/2018-03-15 HTTP/1.1" 301 0
/usr/local/python3/lib/python3.6/site-packages/django/db/models/fields/__init__.py:1451: RuntimeWarning: DateTimeField Area.date received a naive datetime (2018-03-15 00:00:00) while time zone support is active.
  RuntimeWarning)
[21/Feb/2019 08:46:51] "GET /truckheavycount/%E5%8C%97%E4%BA%AC/%E5%85%A5%E5%8F%A3/2018-03-15/2018-03-15/ HTTP/1.1" 200 36655
[21/Feb/2019 08:46:51] "GET /static/province/anhui.js HTTP/1.1" 200 31732
[21/Feb/2019 08:46:51] "GET /static/province/beijing.js HTTP/1.1" 200 22234
[21/Feb/2019 08:46:51] "GET /static/province/chongqing.js HTTP/1.1" 200 48337
[21/Feb/2019 08:46:51] "GET /static/province/fujian.js HTTP/1.1" 200 43804
[21/Feb/2019 08:46:51] "GET /static/province/gansu.js HTTP/1.1" 200 48020
[21/Feb/2019 08:46:51] "GET /static/province/guangxi.js HTTP/1.1" 200 47601
[21/Feb/2019 08:46:51] "GET /static/province/guangdong.js HTTP/1.1" 200 72686
[21/Feb/2019 08:46:51] "GET /static/province/guizhou.js HTTP/1.1" 200 32925
[21/Feb/2019 08:46:51] "GET /static/province/hainan.js HTTP/1.1" 200 29835
[21/Feb/2019 08:46:51] "GET /static/province/hebei.js HTTP/1.1" 200 40227
[21/Feb/2019 08:46:51] "GET /static/province/heilongjiang.js HTTP/1.1" 200 79264
[21/Feb/2019 08:46:51] "GET /static/province/henan.js HTTP/1.1" 200 36726
[21/Feb/2019 08:46:51] "GET /static/echarts.js HTTP/1.1" 200 2349728
[21/Feb/2019 08:46:51] "GET /static/province/hubei.js HTTP/1.1" 200 39349
[21/Feb/2019 08:46:51] "GET /static/province/jiangsu.js HTTP/1.1" 200 23945
[21/Feb/2019 08:46:51] "GET /static/province/hunan.js HTTP/1.1" 200 46236
[21/Feb/2019 08:46:51] "GET /static/province/jiangxi.js HTTP/1.1" 200 32879
[21/Feb/2019 08:46:51] "GET /static/province/jilin.js HTTP/1.1" 200 42082
[21/Feb/2019 08:46:51] "GET /static/province/liaoning.js HTTP/1.1" 200 50560
[21/Feb/2019 08:46:51] "GET /static/province/neimenggu.js HTTP/1.1" 200 58138
[21/Feb/2019 08:46:51] "GET /static/province/ningxia.js HTTP/1.1" 200 13059
[21/Feb/2019 08:46:51] "GET /static/province/qinghai.js HTTP/1.1" 200 44556
[21/Feb/2019 08:46:51] "GET /static/province/shandong.js HTTP/1.1" 200 51125
[21/Feb/2019 08:46:51] "GET /static/province/shanghai.js HTTP/1.1" 200 12845
[21/Feb/2019 08:46:51] "GET /static/province/shanxi.js HTTP/1.1" 200 23401
[21/Feb/2019 08:46:51] "GET /static/province/shanxi1.js HTTP/1.1" 200 31903
[21/Feb/2019 08:46:51] "GET /static/province/sichuan.js HTTP/1.1" 200 84768
[21/Feb/2019 08:46:51] "GET /static/province/tianjin.js HTTP/1.1" 200 11556
[21/Feb/2019 08:46:51] "GET /static/province/xinjiang.js HTTP/1.1" 200 87049
[21/Feb/2019 08:46:51] "GET /static/province/xizang.js HTTP/1.1" 200 45886
[21/Feb/2019 08:46:51] "GET /static/province/yunnan.js HTTP/1.1" 200 63191
[21/Feb/2019 08:46:51] "GET /static/province/zhejiang.js HTTP/1.1" 200 51673
[21/Feb/2019 08:46:58] "GET /truckheavycount/%E9%9D%92%E6%B5%B7/%E5%85%A5%E5%8F%A3/2018-03-15/2018-03-15 HTTP/1.1" 301 0
[21/Feb/2019 08:46:59] "GET /truckheavycount/%E9%9D%92%E6%B5%B7/%E5%85%A5%E5%8F%A3/2018-03-15/2018-03-15/ HTTP/1.1" 200 28946
[21/Feb/2019 08:47:02] "GET /truckheavycount/%E5%B1%B1%E4%B8%9C/%E5%85%A5%E5%8F%A3/2018-03-15/2018-03-15 HTTP/1.1" 301 0
[21/Feb/2019 08:47:03] "GET /truckheavycount/%E5%B1%B1%E4%B8%9C/%E5%85%A5%E5%8F%A3/2018-03-15/2018-03-15/ HTTP/1.1" 200 55684
[21/Feb/2019 08:52:22] "GET /vehicletypedaytranscount/%E5%8C%97%E4%BA%AC HTTP/1.1" 200 23607
[21/Feb/2019 08:56:31] "GET /truck_transaction/%E5%8C%97%E4%BA%AC HTTP/1.1" 301 0
[21/Feb/2019 08:56:31] "GET /truck_transaction/%E5%8C%97%E4%BA%AC/ HTTP/1.1" 200 28593
[21/Feb/2019 09:01:18] "GET /pathreduction HTTP/1.1" 200 283
[21/Feb/2019 11:22:47] "GET / HTTP/1.1" 200 10260
[21/Feb/2019 11:23:09] "GET / HTTP/1.1" 200 10260
[21/Feb/2019 11:23:09] "GET /static/css/jquery.fullPage.css HTTP/1.1" 200 3718
[21/Feb/2019 11:23:09] "GET /static/js/jquery.fullPage.min.js HTTP/1.1" 200 21973
[21/Feb/2019 11:23:09] "GET /static/assets/css/bootstrap.min.css HTTP/1.1" 200 117305
[21/Feb/2019 11:23:09] "GET /static/js/jquery-1.8.3.min.js HTTP/1.1" 200 93639
Not Found: /favicon.ico
[21/Feb/2019 11:23:09] "GET /favicon.ico HTTP/1.1" 404 8054
[21/Feb/2019 11:23:22] "GET /etcmtcdaytranscount/%E5%8C%97%E4%BA%AC HTTP/1.1" 301 0
[21/Feb/2019 11:23:22] "GET /etcmtcdaytranscount/%E5%8C%97%E4%BA%AC/ HTTP/1.1" 200 14984
[21/Feb/2019 11:23:22] "GET /static/china.js HTTP/1.1" 200 61827
[21/Feb/2019 11:23:22] "GET /static/echarts.min.js HTTP/1.1" 200 614225
[21/Feb/2019 11:23:25] "GET /datavolum HTTP/1.1" 301 0
[21/Feb/2019 11:23:25] "GET /datavolum/ HTTP/1.1" 200 11769
[21/Feb/2019 11:23:28] "GET / HTTP/1.1" 200 10260
[21/Feb/2019 11:23:49] "GET /markstation HTTP/1.1" 200 283
[21/Feb/2019 11:23:53] "GET /chargebytype/%E8%B4%B5%E5%B7%9E HTTP/1.1" 301 0
[21/Feb/2019 11:23:53] "GET /chargebytype/%E8%B4%B5%E5%B7%9E/ HTTP/1.1" 200 28065
[21/Feb/2019 11:23:57] "GET /datavolum/ HTTP/1.1" 200 11769
[21/Feb/2019 11:23:59] "GET / HTTP/1.1" 200 10260
[21/Feb/2019 11:25:58] "GET /chargebytype/%E8%B4%B5%E5%B7%9E/ HTTP/1.1" 200 28065
[21/Feb/2019 11:26:00] "GET /datavolum/ HTTP/1.1" 200 11769
[21/Feb/2019 11:27:07] "GET /freetranscount HTTP/1.1" 301 0
[21/Feb/2019 11:27:07] "GET /freetranscount/ HTTP/1.1" 200 3650
[21/Feb/2019 11:29:29] "GET /overload/%E8%B4%B5%E5%B7%9E/mloss HTTP/1.1" 301 0
[21/Feb/2019 11:29:29] "GET /overload/%E8%B4%B5%E5%B7%9E/mloss/ HTTP/1.1" 200 22762
[22/Feb/2019 02:19:41] "GET / HTTP/1.1" 200 10260
Not Found: /favicon.ico
[22/Feb/2019 02:19:41] "GET /favicon.ico HTTP/1.1" 404 8054
[22/Feb/2019 02:20:01] "GET /truck_transaction/%E5%8C%97%E4%BA%AC/ HTTP/1.1" 200 28593
[26/Feb/2019 08:30:20] "GET / HTTP/1.1" 200 10260
[26/Feb/2019 08:30:21] "GET /static/css/jquery.fullPage.css HTTP/1.1" 200 3718
[26/Feb/2019 08:30:21] "GET /static/js/jquery.fullPage.min.js HTTP/1.1" 200 21973
[26/Feb/2019 08:30:21] "GET /static/js/jquery-1.8.3.min.js HTTP/1.1" 200 93639
[26/Feb/2019 08:30:21] "GET /static/assets/css/bootstrap.min.css HTTP/1.1" 200 117305
Not Found: /favicon.ico
[26/Feb/2019 08:30:21] "GET /favicon.ico HTTP/1.1" 404 8054
[26/Feb/2019 08:30:24] "GET /markstation HTTP/1.1" 200 283
[26/Feb/2019 08:30:35] "GET /pathreduction HTTP/1.1" 200 283
[26/Feb/2019 08:30:40] "GET /chargebytype/%E8%B4%B5%E5%B7%9E HTTP/1.1" 301 0
[26/Feb/2019 08:30:40] "GET /chargebytype/%E8%B4%B5%E5%B7%9E/ HTTP/1.1" 200 28065
[26/Feb/2019 08:30:40] "GET /static/china.js HTTP/1.1" 200 61827
[26/Feb/2019 08:30:40] "GET /static/echarts.min.js HTTP/1.1" 200 614225
[26/Feb/2019 08:30:43] "GET /potentialloss/%E8%B4%B5%E5%B7%9E/mloss/0.5 HTTP/1.1" 301 0
[26/Feb/2019 08:30:43] "GET /potentialloss/%E8%B4%B5%E5%B7%9E/mloss/0.5/ HTTP/1.1" 200 18008
[26/Feb/2019 08:30:46] "GET /potentialloss/%E8%B4%B5%E5%B7%9E/tloss/0.5 HTTP/1.1" 301 0
[26/Feb/2019 08:30:46] "GET /potentialloss/%E8%B4%B5%E5%B7%9E/tloss/0.5/ HTTP/1.1" 200 18054
[26/Feb/2019 08:30:56] "GET /axischarge/%E8%B4%B5%E5%B7%9E HTTP/1.1" 301 0
[26/Feb/2019 08:30:56] "GET /axischarge/%E8%B4%B5%E5%B7%9E/ HTTP/1.1" 200 15679
[26/Feb/2019 08:30:59] "GET /datavolum HTTP/1.1" 301 0
[26/Feb/2019 08:30:59] "GET /datavolum/ HTTP/1.1" 200 11769
[26/Feb/2019 08:31:01] "GET /etcmtcdaytranscount/%E5%8C%97%E4%BA%AC HTTP/1.1" 301 0
[26/Feb/2019 08:31:01] "GET /etcmtcdaytranscount/%E5%8C%97%E4%BA%AC/ HTTP/1.1" 200 14984
[26/Feb/2019 08:31:06] "GET /carddaycount/%E5%8C%97%E4%BA%AC HTTP/1.1" 301 0
[26/Feb/2019 08:31:06] "GET /carddaycount/%E5%8C%97%E4%BA%AC/ HTTP/1.1" 200 12655
[26/Feb/2019 08:31:08] "GET /cardtrans/%E5%8C%97%E4%BA%AC HTTP/1.1" 301 0
[26/Feb/2019 08:31:08] "GET /cardtrans/%E5%8C%97%E4%BA%AC/ HTTP/1.1" 200 1016239
[26/Feb/2019 08:31:08] "GET /static/province/anhui.js HTTP/1.1" 200 31732
[26/Feb/2019 08:31:08] "GET /static/province/beijing.js HTTP/1.1" 200 22234
[26/Feb/2019 08:31:08] "GET /static/province/chongqing.js HTTP/1.1" 200 48337
[26/Feb/2019 08:31:08] "GET /static/province/fujian.js HTTP/1.1" 200 43804
[26/Feb/2019 08:31:08] "GET /static/province/gansu.js HTTP/1.1" 200 48020
[26/Feb/2019 08:31:08] "GET /static/province/guangdong.js HTTP/1.1" 200 72686
[26/Feb/2019 08:31:08] "GET /static/province/guangxi.js HTTP/1.1" 200 47601
[26/Feb/2019 08:31:08] "GET /static/province/guizhou.js HTTP/1.1" 200 32925
[26/Feb/2019 08:31:08] "GET /static/province/hainan.js HTTP/1.1" 200 29835
[26/Feb/2019 08:31:08] "GET /static/province/hebei.js HTTP/1.1" 200 40227
[26/Feb/2019 08:31:08] "GET /static/province/henan.js HTTP/1.1" 200 36726
[26/Feb/2019 08:31:08] "GET /static/province/heilongjiang.js HTTP/1.1" 200 79264
[26/Feb/2019 08:31:08] "GET /static/province/hubei.js HTTP/1.1" 200 39349
[26/Feb/2019 08:31:08] "GET /static/province/hunan.js HTTP/1.1" 200 46236
[26/Feb/2019 08:31:08] "GET /static/province/jiangsu.js HTTP/1.1" 200 23945
[26/Feb/2019 08:31:08] "GET /static/province/jiangxi.js HTTP/1.1" 200 32879
[26/Feb/2019 08:31:08] "GET /static/province/jilin.js HTTP/1.1" 200 42082
[26/Feb/2019 08:31:08] "GET /static/province/liaoning.js HTTP/1.1" 200 50560
[26/Feb/2019 08:31:08] "GET /static/province/neimenggu.js HTTP/1.1" 200 58138
[26/Feb/2019 08:31:08] "GET /static/province/ningxia.js HTTP/1.1" 200 13059
[26/Feb/2019 08:31:08] "GET /static/province/qinghai.js HTTP/1.1" 200 44556
[26/Feb/2019 08:31:08] "GET /static/province/shandong.js HTTP/1.1" 200 51125
[26/Feb/2019 08:31:08] "GET /static/province/shanghai.js HTTP/1.1" 200 12845
[26/Feb/2019 08:31:08] "GET /static/province/shanxi.js HTTP/1.1" 200 23401
[26/Feb/2019 08:31:08] "GET /static/province/tianjin.js HTTP/1.1" 200 11556
[26/Feb/2019 08:31:08] "GET /static/province/shanxi1.js HTTP/1.1" 200 31903
[26/Feb/2019 08:31:08] "GET /static/province/xizang.js HTTP/1.1" 200 45886
[26/Feb/2019 08:31:08] "GET /static/province/xinjiang.js HTTP/1.1" 200 87049
[26/Feb/2019 08:31:08] "GET /static/province/sichuan.js HTTP/1.1" 200 84768
[26/Feb/2019 08:31:09] "GET /static/province/zhejiang.js HTTP/1.1" 200 51673
[26/Feb/2019 08:31:09] "GET /static/province/yunnan.js HTTP/1.1" 200 63191
[26/Feb/2019 08:31:09] "GET /static/echarts.js HTTP/1.1" 200 2349728
[26/Feb/2019 08:31:16] "GET /cardtransoverpro/%E6%B2%B3%E5%8C%97 HTTP/1.1" 301 0
[26/Feb/2019 08:31:16] "GET /cardtransoverpro/%E6%B2%B3%E5%8C%97/ HTTP/1.1" 200 58267
[26/Feb/2019 08:31:37] "GET /cardcycle/%E6%B5%99%E6%B1%9F/%E6%B1%9F%E8%8B%8F/%E5%B1%B1%E4%B8%9C/0 HTTP/1.1" 301 0
[26/Feb/2019 08:31:37] "GET /cardcycle/%E6%B5%99%E6%B1%9F/%E6%B1%9F%E8%8B%8F/%E5%B1%B1%E4%B8%9C/0/ HTTP/1.1" 200 21336
[26/Feb/2019 08:31:40] "GET /cardindex/%E6%B5%99%E6%B1%9F/%E6%B1%9F%E8%8B%8F/%E5%B1%B1%E4%B8%9C HTTP/1.1" 301 0
[26/Feb/2019 08:31:40] "GET /cardindex/%E6%B5%99%E6%B1%9F/%E6%B1%9F%E8%8B%8F/%E5%B1%B1%E4%B8%9C/ HTTP/1.1" 200 12680
[26/Feb/2019 08:31:43] "GET /idealtrans/%E6%B5%99%E6%B1%9F HTTP/1.1" 301 0
[26/Feb/2019 08:31:44] "GET /idealtrans/%E6%B5%99%E6%B1%9F/ HTTP/1.1" 200 1935864
[27/Feb/2019 06:27:58] "GET / HTTP/1.1" 200 10260
[27/Feb/2019 06:27:58] "GET /static/css/jquery.fullPage.css HTTP/1.1" 200 3718
[27/Feb/2019 06:27:58] "GET /static/js/jquery.fullPage.min.js HTTP/1.1" 200 21973
[27/Feb/2019 06:27:58] "GET /static/assets/css/bootstrap.min.css HTTP/1.1" 200 117305
[27/Feb/2019 06:27:58] "GET /static/js/jquery-1.8.3.min.js HTTP/1.1" 200 93639
[27/Feb/2019 06:33:26] "GET /markstation HTTP/1.1" 200 283
[27/Feb/2019 06:35:36] "GET /pathreduction HTTP/1.1" 200 283
[27/Feb/2019 06:39:18] "GET /chargebytype/%E8%B4%B5%E5%B7%9E HTTP/1.1" 301 0
[27/Feb/2019 06:39:22] "GET /chargebytype/%E8%B4%B5%E5%B7%9E/ HTTP/1.1" 200 28065
[27/Feb/2019 06:39:22] "GET /static/china.js HTTP/1.1" 200 61827
[27/Feb/2019 06:39:22] "GET /static/echarts.min.js HTTP/1.1" 200 614225
[27/Feb/2019 06:42:49] "GET / HTTP/1.1" 200 10260
Not Found: /favicon.ico
[27/Feb/2019 06:42:49] "GET /favicon.ico HTTP/1.1" 404 8054
[27/Feb/2019 06:42:55] "GET /potentialloss/%E8%B4%B5%E5%B7%9E/mloss/0.5 HTTP/1.1" 301 0
[27/Feb/2019 06:42:55] "GET /potentialloss/%E8%B4%B5%E5%B7%9E/mloss/0.5/ HTTP/1.1" 200 18008
[27/Feb/2019 06:42:58] "GET /etcmtcdaytranscount/%E5%8C%97%E4%BA%AC/ HTTP/1.1" 200 14984
[27/Feb/2019 06:44:14] "GET /potentialloss/%E8%B4%B5%E5%B7%9E/tloss/0.5 HTTP/1.1" 301 0
[27/Feb/2019 06:44:14] "GET /potentialloss/%E8%B4%B5%E5%B7%9E/tloss/0.5/ HTTP/1.1" 200 18054
[27/Feb/2019 06:47:28] "GET /overload/%E8%B4%B5%E5%B7%9E/mloss HTTP/1.1" 301 0
[27/Feb/2019 06:47:28] "GET /overload/%E8%B4%B5%E5%B7%9E/mloss/ HTTP/1.1" 200 22762
[27/Feb/2019 06:55:44] "GET /axischarge/%E8%B4%B5%E5%B7%9E HTTP/1.1" 301 0
[27/Feb/2019 06:55:44] "GET /axischarge/%E8%B4%B5%E5%B7%9E/ HTTP/1.1" 200 15679
[27/Feb/2019 07:02:26] "GET /datavolum HTTP/1.1" 301 0
[27/Feb/2019 07:02:26] "GET /datavolum/ HTTP/1.1" 200 11769
[27/Feb/2019 07:14:16] "GET /etcmtcdaytranscount/%E5%8C%97%E4%BA%AC HTTP/1.1" 301 0
[27/Feb/2019 07:14:16] "GET /etcmtcdaytranscount/%E5%8C%97%E4%BA%AC/ HTTP/1.1" 200 14984
[27/Feb/2019 07:14:22] "GET /cartypedaytranscount/%E5%8C%97%E4%BA%AC HTTP/1.1" 301 0
[27/Feb/2019 07:14:22] "GET /cartypedaytranscount/%E5%8C%97%E4%BA%AC/ HTTP/1.1" 200 14140
[27/Feb/2019 07:14:31] "GET /vehicletypedaytranscount/%E5%8C%97%E4%BA%AC HTTP/1.1" 200 23607
[27/Feb/2019 07:14:44] "GET /vehicletransfeepie/%E5%8C%97%E4%BA%AC/%E5%8C%97%E4%BA%AC/%E5%8C%97%E4%BA%AC/2018-03-15/2018-03-15 HTTP/1.1" 301 0
/usr/local/python3/lib/python3.6/site-packages/django/db/models/fields/__init__.py:1451: RuntimeWarning: DateTimeField Fee.date received a naive datetime (2018-03-15 00:00:00) while time zone support is active.
  RuntimeWarning)
[27/Feb/2019 07:14:44] "GET /vehicletransfeepie/%E5%8C%97%E4%BA%AC/%E5%8C%97%E4%BA%AC/%E5%8C%97%E4%BA%AC/2018-03-15/2018-03-15/ HTTP/1.1" 200 13606
[27/Feb/2019 07:14:45] "GET /static/echarts.js HTTP/1.1" 200 2349728
[27/Feb/2019 07:14:50] "GET /vehicletransfeepie/%E5%9B%9B%E5%B7%9D/%E5%8C%97%E4%BA%AC/%E5%8C%97%E4%BA%AC/2018-03-15/2018-03-15 HTTP/1.1" 301 0
[27/Feb/2019 07:14:50] "GET /vehicletransfeepie/%E5%9B%9B%E5%B7%9D/%E5%8C%97%E4%BA%AC/%E5%8C%97%E4%BA%AC/2018-03-15/2018-03-15/ HTTP/1.1" 200 13617
[27/Feb/2019 07:14:53] "GET /vehicletransfeepie/%E5%9B%9B%E5%B7%9D/%E5%8C%97%E4%BA%AC/%E6%B1%9F%E8%A5%BF/2018-03-15/2018-03-15 HTTP/1.1" 301 0
[27/Feb/2019 07:14:53] "GET /vehicletransfeepie/%E5%9B%9B%E5%B7%9D/%E5%8C%97%E4%BA%AC/%E6%B1%9F%E8%A5%BF/2018-03-15/2018-03-15/ HTTP/1.1" 200 13626
[27/Feb/2019 07:15:57] "GET /vehicletransfeepie/%E5%9B%9B%E5%B7%9D/%E6%B5%99%E6%B1%9F/%E6%B1%9F%E8%A5%BF/2018-03-15/2018-03-15 HTTP/1.1" 301 0
[27/Feb/2019 07:15:58] "GET /vehicletransfeepie/%E5%9B%9B%E5%B7%9D/%E6%B5%99%E6%B1%9F/%E6%B1%9F%E8%A5%BF/2018-03-15/2018-03-15/ HTTP/1.1" 200 13637
[27/Feb/2019 07:20:14] "GET /truckheavycount/%E5%8C%97%E4%BA%AC/%E5%85%A5%E5%8F%A3/2018-03-15/2018-03-15 HTTP/1.1" 301 0
/usr/local/python3/lib/python3.6/site-packages/django/db/models/fields/__init__.py:1451: RuntimeWarning: DateTimeField Area.date received a naive datetime (2018-03-15 00:00:00) while time zone support is active.
  RuntimeWarning)
[27/Feb/2019 07:20:14] "GET /truckheavycount/%E5%8C%97%E4%BA%AC/%E5%85%A5%E5%8F%A3/2018-03-15/2018-03-15/ HTTP/1.1" 200 36655
[27/Feb/2019 07:20:14] "GET /static/province/xinjiang.js HTTP/1.1" 200 87049
[27/Feb/2019 07:20:14] "GET /static/province/tianjin.js HTTP/1.1" 200 11556
[27/Feb/2019 07:20:14] "GET /static/province/yunnan.js HTTP/1.1" 200 63191
[27/Feb/2019 07:20:14] "GET /static/province/shanghai.js HTTP/1.1" 200 12845
[27/Feb/2019 07:20:14] "GET /static/province/shandong.js HTTP/1.1" 200 51125
[27/Feb/2019 07:20:14] "GET /static/province/ningxia.js HTTP/1.1" 200 13059
[27/Feb/2019 07:20:14] "GET /static/province/qinghai.js HTTP/1.1" 200 44556
[27/Feb/2019 07:20:14] "GET /static/province/zhejiang.js HTTP/1.1" 200 51673
[27/Feb/2019 07:20:14] "GET /static/province/neimenggu.js HTTP/1.1" 200 58138
[27/Feb/2019 07:20:14] "GET /static/province/liaoning.js HTTP/1.1" 200 50560
[27/Feb/2019 07:20:14] "GET /static/province/jiangxi.js HTTP/1.1" 200 32879
[27/Feb/2019 07:20:14] "GET /static/province/jiangsu.js HTTP/1.1" 200 23945
[27/Feb/2019 07:20:14] "GET /static/province/jilin.js HTTP/1.1" 200 42082
[27/Feb/2019 07:20:14] "GET /static/province/hubei.js HTTP/1.1" 200 39349
[27/Feb/2019 07:20:15] "GET /static/province/henan.js HTTP/1.1" 200 36726
[27/Feb/2019 07:20:15] "GET /static/province/hunan.js HTTP/1.1" 200 46236
[27/Feb/2019 07:20:15] "GET /static/province/heilongjiang.js HTTP/1.1" 200 79264
[27/Feb/2019 07:20:15] "GET /static/province/shanxi1.js HTTP/1.1" 200 31903
[27/Feb/2019 07:20:15] "GET /static/province/hebei.js HTTP/1.1" 200 40227
[27/Feb/2019 07:20:15] "GET /static/province/xizang.js HTTP/1.1" 200 45886
[27/Feb/2019 07:20:15] "GET /static/province/shanxi.js HTTP/1.1" 200 23401
[27/Feb/2019 07:20:15] "GET /static/province/hainan.js HTTP/1.1" 200 29835
[27/Feb/2019 07:20:15] "GET /static/province/beijing.js HTTP/1.1" 200 22234
[27/Feb/2019 07:20:15] "GET /static/province/sichuan.js HTTP/1.1" 200 84768
[27/Feb/2019 07:20:15] "GET /static/province/guizhou.js HTTP/1.1" 200 32925
[27/Feb/2019 07:20:15] "GET /static/province/guangxi.js HTTP/1.1" 200 47601
[27/Feb/2019 07:20:15] "GET /static/province/chongqing.js HTTP/1.1" 200 48337
[27/Feb/2019 07:20:15] "GET /static/province/guangdong.js HTTP/1.1" 200 72686
[27/Feb/2019 07:20:15] "GET /static/province/gansu.js HTTP/1.1" 200 48020
[27/Feb/2019 07:20:15] "GET /static/province/anhui.js HTTP/1.1" 200 31732
[27/Feb/2019 07:20:15] "GET /static/province/fujian.js HTTP/1.1" 200 43804
[27/Feb/2019 07:20:29] "GET /truckheavycount/%E5%AE%89%E5%BE%BD/%E5%85%A5%E5%8F%A3/2018-03-15/2018-03-15 HTTP/1.1" 301 0
[27/Feb/2019 07:20:30] "GET /truckheavycount/%E5%AE%89%E5%BE%BD/%E5%85%A5%E5%8F%A3/2018-03-15/2018-03-15/ HTTP/1.1" 200 42100
[27/Feb/2019 07:20:46] "GET /trafficfee/%E5%8C%97%E4%BA%AC/2018-03-15/2018-03-15 HTTP/1.1" 301 0
[27/Feb/2019 07:20:47] "GET /trafficfee/%E5%8C%97%E4%BA%AC/2018-03-15/2018-03-15/ HTTP/1.1" 200 36109
[27/Feb/2019 07:20:52] "GET /truck_transaction/%E5%8C%97%E4%BA%AC HTTP/1.1" 301 0
[27/Feb/2019 07:20:52] "GET /truck_transaction/%E5%8C%97%E4%BA%AC/ HTTP/1.1" 200 28593
[27/Feb/2019 07:21:00] "GET /truck_transaction/%E5%B1%B1%E4%B8%9C HTTP/1.1" 301 0
[27/Feb/2019 07:21:00] "GET /truck_transaction/%E5%B1%B1%E4%B8%9C/ HTTP/1.1" 200 37223
[27/Feb/2019 07:21:11] "GET /lvtong_transaction/%E5%8C%97%E4%BA%AC HTTP/1.1" 301 0
[27/Feb/2019 07:21:11] "GET /lvtong_transaction/%E5%8C%97%E4%BA%AC/ HTTP/1.1" 200 28860
[27/Feb/2019 07:21:15] "GET /lvtong_transaction/%E8%B4%B5%E5%B7%9E HTTP/1.1" 301 0
[27/Feb/2019 07:21:15] "GET /lvtong_transaction/%E8%B4%B5%E5%B7%9E/ HTTP/1.1" 200 41550
[27/Feb/2019 07:28:03] "GET /lvtongchelist HTTP/1.1" 301 0
[27/Feb/2019 07:28:03] "GET /lvtongchelist/ HTTP/1.1" 200 76366
[27/Feb/2019 07:28:10] "GET /lvtongchelist/demo_lvtongche HTTP/1.1" 301 0
[27/Feb/2019 07:28:10] "GET /lvtongchelist/demo_lvtongche/ HTTP/1.1" 200 13687
[27/Feb/2019 07:36:40] "GET /cardlist HTTP/1.1" 301 0
[27/Feb/2019 07:36:40] "GET /cardlist/ HTTP/1.1" 200 10067
[27/Feb/2019 07:36:56] "GET /carddaycount/%E5%8C%97%E4%BA%AC HTTP/1.1" 301 0
[27/Feb/2019 07:36:56] "GET /carddaycount/%E5%8C%97%E4%BA%AC/ HTTP/1.1" 200 12655
[27/Feb/2019 07:37:13] "GET /cardtrans/%E5%8C%97%E4%BA%AC HTTP/1.1" 301 0
[27/Feb/2019 07:37:13] "GET /cardtrans/%E5%8C%97%E4%BA%AC/ HTTP/1.1" 200 1016239
[27/Feb/2019 07:38:19] "GET /cardcycle/%E6%B5%99%E6%B1%9F/%E6%B1%9F%E8%8B%8F/%E5%B1%B1%E4%B8%9C/0 HTTP/1.1" 301 0
[27/Feb/2019 07:38:19] "GET /cardcycle/%E6%B5%99%E6%B1%9F/%E6%B1%9F%E8%8B%8F/%E5%B1%B1%E4%B8%9C/0/ HTTP/1.1" 200 21336
[27/Feb/2019 07:42:14] "GET /cardindex/%E6%B5%99%E6%B1%9F/%E6%B1%9F%E8%8B%8F/%E5%B1%B1%E4%B8%9C HTTP/1.1" 301 0
[27/Feb/2019 07:42:14] "GET /cardindex/%E6%B5%99%E6%B1%9F/%E6%B1%9F%E8%8B%8F/%E5%B1%B1%E4%B8%9C/ HTTP/1.1" 200 12680
[27/Feb/2019 08:24:35] "GET / HTTP/1.1" 200 10260
[27/Feb/2019 08:24:35] "GET /static/css/jquery.fullPage.css HTTP/1.1" 200 3718
[27/Feb/2019 08:24:35] "GET /static/assets/css/bootstrap.min.css HTTP/1.1" 200 117305
[27/Feb/2019 08:24:36] "GET /static/js/jquery.fullPage.min.js HTTP/1.1" 200 21973
[27/Feb/2019 08:24:36] "GET /static/js/jquery-1.8.3.min.js HTTP/1.1" 200 93639
Not Found: /favicon.ico
[27/Feb/2019 08:24:36] "GET /favicon.ico HTTP/1.1" 404 8054
[27/Feb/2019 08:24:47] "GET /trafficvolume/%E5%8C%97%E4%BA%AC/%E5%85%A5%E5%8F%A3/2018-03-15/2018-03-15 HTTP/1.1" 301 0
/usr/local/python3/lib/python3.6/site-packages/django/db/models/fields/__init__.py:1451: RuntimeWarning: DateTimeField Area.date received a naive datetime (2018-03-15 00:00:00) while time zone support is active.
  RuntimeWarning)
[27/Feb/2019 08:24:47] "GET /trafficvolume/%E5%8C%97%E4%BA%AC/%E5%85%A5%E5%8F%A3/2018-03-15/2018-03-15/ HTTP/1.1" 200 36658
[27/Feb/2019 08:24:47] "GET /static/province/beijing.js HTTP/1.1" 200 22234
[27/Feb/2019 08:24:47] "GET /static/province/chongqing.js HTTP/1.1" 200 48337
[27/Feb/2019 08:24:47] "GET /static/province/anhui.js HTTP/1.1" 200 31732
[27/Feb/2019 08:24:47] "GET /static/china.js HTTP/1.1" 200 61827
[27/Feb/2019 08:24:47] "GET /static/province/fujian.js HTTP/1.1" 200 43804
[27/Feb/2019 08:24:47] "GET /static/province/gansu.js HTTP/1.1" 200 48020
[27/Feb/2019 08:24:47] "GET /static/province/guangxi.js HTTP/1.1" 200 47601
[27/Feb/2019 08:24:47] "GET /static/province/guangdong.js HTTP/1.1" 200 72686
[27/Feb/2019 08:24:47] "GET /static/echarts.js HTTP/1.1" 200 2349728
[27/Feb/2019 08:24:47] "GET /static/province/hainan.js HTTP/1.1" 200 29835
[27/Feb/2019 08:24:47] "GET /static/province/guizhou.js HTTP/1.1" 200 32925
[27/Feb/2019 08:24:47] "GET /static/province/hebei.js HTTP/1.1" 200 40227
[27/Feb/2019 08:24:47] "GET /static/province/henan.js HTTP/1.1" 200 36726
[27/Feb/2019 08:24:47] "GET /static/province/hubei.js HTTP/1.1" 200 39349
[27/Feb/2019 08:24:47] "GET /static/province/heilongjiang.js HTTP/1.1" 200 79264
[27/Feb/2019 08:24:47] "GET /static/province/jiangsu.js HTTP/1.1" 200 23945
[27/Feb/2019 08:24:47] "GET /static/province/hunan.js HTTP/1.1" 200 46236
[27/Feb/2019 08:24:47] "GET /static/province/jiangxi.js HTTP/1.1" 200 32879
[27/Feb/2019 08:24:47] "GET /static/province/jilin.js HTTP/1.1" 200 42082
[27/Feb/2019 08:24:47] "GET /static/province/liaoning.js HTTP/1.1" 200 50560
[27/Feb/2019 08:24:47] "GET /static/province/neimenggu.js HTTP/1.1" 200 58138
[27/Feb/2019 08:24:47] "GET /static/province/qinghai.js HTTP/1.1" 200 44556
[27/Feb/2019 08:24:47] "GET /static/province/ningxia.js HTTP/1.1" 200 13059
[27/Feb/2019 08:24:47] "GET /static/province/shandong.js HTTP/1.1" 200 51125
[27/Feb/2019 08:24:47] "GET /static/province/shanghai.js HTTP/1.1" 200 12845
[27/Feb/2019 08:24:47] "GET /static/province/shanxi.js HTTP/1.1" 200 23401
[27/Feb/2019 08:24:47] "GET /static/province/shanxi1.js HTTP/1.1" 200 31903
[27/Feb/2019 08:24:47] "GET /static/province/tianjin.js HTTP/1.1" 200 11556
[27/Feb/2019 08:24:47] "GET /static/province/sichuan.js HTTP/1.1" 200 84768
[27/Feb/2019 08:24:47] "GET /static/province/xinjiang.js HTTP/1.1" 200 87049
[27/Feb/2019 08:24:48] "GET /static/province/xizang.js HTTP/1.1" 200 45886
[27/Feb/2019 08:24:48] "GET /static/province/zhejiang.js HTTP/1.1" 200 51673
[27/Feb/2019 08:24:48] "GET /static/province/yunnan.js HTTP/1.1" 200 63191
[27/Feb/2019 08:25:17] "GET /trafficvolume/%E5%8C%97%E4%BA%AC/%E5%85%A5%E5%8F%A3/2018-06-01/2018-06-07 HTTP/1.1" 301 0
/usr/local/python3/lib/python3.6/site-packages/django/db/models/fields/__init__.py:1451: RuntimeWarning: DateTimeField Area.date received a naive datetime (2018-06-01 00:00:00) while time zone support is active.
  RuntimeWarning)
/usr/local/python3/lib/python3.6/site-packages/django/db/models/fields/__init__.py:1451: RuntimeWarning: DateTimeField Area.date received a naive datetime (2018-06-07 00:00:00) while time zone support is active.
  RuntimeWarning)
[27/Feb/2019 08:25:18] "GET /trafficvolume/%E5%8C%97%E4%BA%AC/%E5%85%A5%E5%8F%A3/2018-06-01/2018-06-07/ HTTP/1.1" 200 36828
[27/Feb/2019 08:25:21] "GET /trafficvolume/%E6%B5%99%E6%B1%9F/%E5%85%A5%E5%8F%A3/2018-06-01/2018-06-07 HTTP/1.1" 301 0
[27/Feb/2019 08:25:22] "GET /trafficvolume/%E6%B5%99%E6%B1%9F/%E5%85%A5%E5%8F%A3/2018-06-01/2018-06-07/ HTTP/1.1" 200 55312
[28/Feb/2019 09:09:25] "GET / HTTP/1.1" 200 10260
Not Found: /favicon.ico
[28/Feb/2019 09:09:25] "GET /favicon.ico HTTP/1.1" 404 8054
[28/Feb/2019 09:09:31] "GET /truck_transaction/%E5%8C%97%E4%BA%AC/ HTTP/1.1" 200 28593
[28/Feb/2019 10:55:50] "GET / HTTP/1.1" 200 10260
[28/Feb/2019 10:55:50] "GET /static/css/jquery.fullPage.css HTTP/1.1" 200 3718
[28/Feb/2019 10:55:50] "GET /static/js/jquery.fullPage.min.js HTTP/1.1" 200 21973
[28/Feb/2019 10:55:50] "GET /static/js/jquery-1.8.3.min.js HTTP/1.1" 200 93639
[28/Feb/2019 10:55:50] "GET /static/assets/css/bootstrap.min.css HTTP/1.1" 200 117305
Not Found: /favicon.ico
[28/Feb/2019 10:55:50] "GET /favicon.ico HTTP/1.1" 404 8054
[28/Feb/2019 10:55:54] "GET /datavolum HTTP/1.1" 301 0
[28/Feb/2019 10:55:54] "GET /datavolum/ HTTP/1.1" 200 11769
[28/Feb/2019 10:55:54] "GET /static/echarts.min.js HTTP/1.1" 200 614225
[28/Feb/2019 10:55:57] "GET /etcmtcdaytranscount/%E5%8C%97%E4%BA%AC HTTP/1.1" 301 0
[28/Feb/2019 10:55:57] "GET /etcmtcdaytranscount/%E5%8C%97%E4%BA%AC/ HTTP/1.1" 200 14984
[28/Feb/2019 10:55:57] "GET /static/china.js HTTP/1.1" 200 61827
[28/Feb/2019 10:56:10] "GET /carddaycount/%E5%8C%97%E4%BA%AC HTTP/1.1" 301 0
[28/Feb/2019 10:56:10] "GET /carddaycount/%E5%8C%97%E4%BA%AC/ HTTP/1.1" 200 12655
[28/Feb/2019 10:56:18] "GET /chargebytype/%E8%B4%B5%E5%B7%9E HTTP/1.1" 301 0
[28/Feb/2019 10:56:18] "GET /chargebytype/%E8%B4%B5%E5%B7%9E/ HTTP/1.1" 200 28065
[28/Feb/2019 10:56:22] "GET /axischarge/%E8%B4%B5%E5%B7%9E HTTP/1.1" 301 0
[28/Feb/2019 10:56:22] "GET /axischarge/%E8%B4%B5%E5%B7%9E/ HTTP/1.1" 200 15679
[28/Feb/2019 10:56:27] "GET /datavolum/ HTTP/1.1" 200 11769
[28/Feb/2019 10:56:31] "GET /vehicletransfeepie/%E5%8C%97%E4%BA%AC/%E5%8C%97%E4%BA%AC/%E5%8C%97%E4%BA%AC/2018-03-15/2018-03-15 HTTP/1.1" 301 0
/usr/local/python3/lib/python3.6/site-packages/django/db/models/fields/__init__.py:1451: RuntimeWarning: DateTimeField Fee.date received a naive datetime (2018-03-15 00:00:00) while time zone support is active.
  RuntimeWarning)
[28/Feb/2019 10:56:31] "GET /vehicletransfeepie/%E5%8C%97%E4%BA%AC/%E5%8C%97%E4%BA%AC/%E5%8C%97%E4%BA%AC/2018-03-15/2018-03-15/ HTTP/1.1" 200 13606
[28/Feb/2019 10:56:31] "GET /static/echarts.js HTTP/1.1" 200 2349728
[28/Feb/2019 10:56:37] "GET /truckheavycount/%E5%8C%97%E4%BA%AC/%E5%85%A5%E5%8F%A3/2018-03-15/2018-03-15 HTTP/1.1" 301 0
/usr/local/python3/lib/python3.6/site-packages/django/db/models/fields/__init__.py:1451: RuntimeWarning: DateTimeField Area.date received a naive datetime (2018-03-15 00:00:00) while time zone support is active.
  RuntimeWarning)
[28/Feb/2019 10:56:38] "GET /truckheavycount/%E5%8C%97%E4%BA%AC/%E5%85%A5%E5%8F%A3/2018-03-15/2018-03-15/ HTTP/1.1" 200 36655
[28/Feb/2019 10:56:38] "GET /static/province/anhui.js HTTP/1.1" 200 31732
[28/Feb/2019 10:56:38] "GET /static/province/beijing.js HTTP/1.1" 200 22234
[28/Feb/2019 10:56:38] "GET /static/province/chongqing.js HTTP/1.1" 200 48337
[28/Feb/2019 10:56:38] "GET /static/province/fujian.js HTTP/1.1" 200 43804
[28/Feb/2019 10:56:38] "GET /static/province/guangxi.js HTTP/1.1" 200 47601
[28/Feb/2019 10:56:38] "GET /static/province/gansu.js HTTP/1.1" 200 48020
[28/Feb/2019 10:56:38] "GET /static/province/guangdong.js HTTP/1.1" 200 72686
[28/Feb/2019 10:56:38] "GET /static/province/guizhou.js HTTP/1.1" 200 32925
[28/Feb/2019 10:56:38] "GET /static/province/hainan.js HTTP/1.1" 200 29835
[28/Feb/2019 10:56:38] "GET /static/province/hebei.js HTTP/1.1" 200 40227
[28/Feb/2019 10:56:38] "GET /static/province/heilongjiang.js HTTP/1.1" 200 79264
[28/Feb/2019 10:56:38] "GET /static/province/henan.js HTTP/1.1" 200 36726
[28/Feb/2019 10:56:38] "GET /static/province/hubei.js HTTP/1.1" 200 39349
[28/Feb/2019 10:56:38] "GET /static/province/jiangsu.js HTTP/1.1" 200 23945
[28/Feb/2019 10:56:38] "GET /static/province/jiangxi.js HTTP/1.1" 200 32879
[28/Feb/2019 10:56:38] "GET /static/province/hunan.js HTTP/1.1" 200 46236
[28/Feb/2019 10:56:38] "GET /static/province/jilin.js HTTP/1.1" 200 42082
[28/Feb/2019 10:56:38] "GET /static/province/liaoning.js HTTP/1.1" 200 50560
[28/Feb/2019 10:56:38] "GET /static/province/neimenggu.js HTTP/1.1" 200 58138
[28/Feb/2019 10:56:38] "GET /static/province/ningxia.js HTTP/1.1" 200 13059
[28/Feb/2019 10:56:38] "GET /static/province/qinghai.js HTTP/1.1" 200 44556
[28/Feb/2019 10:56:38] "GET /static/province/shandong.js HTTP/1.1" 200 51125
[28/Feb/2019 10:56:38] "GET /static/province/shanghai.js HTTP/1.1" 200 12845
[28/Feb/2019 10:56:38] "GET /static/province/shanxi.js HTTP/1.1" 200 23401
[28/Feb/2019 10:56:38] "GET /static/province/shanxi1.js HTTP/1.1" 200 31903
[28/Feb/2019 10:56:38] "GET /static/province/tianjin.js HTTP/1.1" 200 11556
[28/Feb/2019 10:56:38] "GET /static/province/sichuan.js HTTP/1.1" 200 84768
[28/Feb/2019 10:56:38] "GET /static/province/yunnan.js HTTP/1.1" 200 63191
[28/Feb/2019 10:56:38] "GET /static/province/zhejiang.js HTTP/1.1" 200 51673
[28/Feb/2019 10:56:38] "GET /static/province/xizang.js HTTP/1.1" 200 45886
[28/Feb/2019 10:56:38] "GET /static/province/xinjiang.js HTTP/1.1" 200 87049
[28/Feb/2019 10:56:42] "GET /truckheavycount/%E5%8C%97%E4%BA%AC/%E5%85%A5%E5%8F%A3/2018-03-15/2018-03-15/ HTTP/1.1" 200 36655
[28/Feb/2019 10:56:54] "GET /truckheavycount/%E5%8C%97%E4%BA%AC/%E5%85%A5%E5%8F%A3/2018-08-15/2018-08-15 HTTP/1.1" 301 0
/usr/local/python3/lib/python3.6/site-packages/django/db/models/fields/__init__.py:1451: RuntimeWarning: DateTimeField Area.date received a naive datetime (2018-08-15 00:00:00) while time zone support is active.
  RuntimeWarning)
[28/Feb/2019 10:56:54] "GET /truckheavycount/%E5%8C%97%E4%BA%AC/%E5%85%A5%E5%8F%A3/2018-08-15/2018-08-15/ HTTP/1.1" 200 36658
[28/Feb/2019 10:56:56] "GET /truckheavycount/%E5%8C%97%E4%BA%AC/%E5%87%BA%E5%8F%A3/2018-08-15/2018-08-15 HTTP/1.1" 301 0
[28/Feb/2019 10:56:56] "GET /truckheavycount/%E5%8C%97%E4%BA%AC/%E5%87%BA%E5%8F%A3/2018-08-15/2018-08-15/ HTTP/1.1" 200 36618
[28/Feb/2019 10:57:04] "GET /truckheavycount/%E5%AE%89%E5%BE%BD/%E5%87%BA%E5%8F%A3/2018-08-15/2018-08-15 HTTP/1.1" 301 0
[28/Feb/2019 10:57:04] "GET /truckheavycount/%E5%AE%89%E5%BE%BD/%E5%87%BA%E5%8F%A3/2018-08-15/2018-08-15/ HTTP/1.1" 200 42129
